2024-11-16 20:28:07,672 [INFO] WebApp:189 - Connection lost
2024-11-16 20:28:09,117 [INFO] WebApp:186 - Connection restablished
2024-11-16 20:42:12,441 [INFO] UtilMem:75 - End SaveConfig() Used Memory: 738287464 Bytes (872415232)
2024-11-16 20:43:23,484 [INFO] UtilMem:75 - End SaveConfig() Used Memory: 422119920 Bytes (872415232)
2024-11-16 20:43:23,632 [INFO] BlockDiagram:2766 - set Specific Code input for plugin: NVIC
2024-11-16 20:43:23,632 [INFO] BlockDiagram:2766 - set Specific Code input for plugin: USART
2024-11-16 20:43:23,632 [INFO] BlockDiagram:2766 - set Specific Code input for plugin: TIM1_8
2024-11-16 20:43:23,632 [INFO] BlockDiagram:2766 - set Specific Code input for plugin: SYS
2024-11-16 20:43:23,632 [INFO] BlockDiagram:2766 - set Specific Code input for plugin: GPIO
2024-11-16 20:43:23,632 [INFO] BlockDiagram:2766 - set Specific Code input for plugin: RCC
2024-11-16 20:43:23,635 [INFO] CodeGenerator:807 - code generatio: config db path: C:\ST\STM32CubeIDE_1.16.1\STM32CubeIDE\plugins\com.st.stm32cube.common.mx_6.12.1.202409122256\\db\
2024-11-16 20:43:23,755 [INFO] CodeEngine:255 - oldGeneratedFile, C:\Users\Airagan\STM32CubeIDE\workspace_1.16.1\Ultrasonic\MXTmpFiles\license.tmp_save
2024-11-16 20:43:23,849 [INFO] CodeEngine:279 - Generated code: C:\Users\Airagan\STM32CubeIDE\workspace_1.16.1\Ultrasonic\MXTmpFiles\license.tmp
2024-11-16 20:43:23,957 [INFO] CodeEngine:255 - oldGeneratedFile, C:\Users\Airagan\STM32CubeIDE\workspace_1.16.1\Ultrasonic\MXTmpFiles\gpio.tmp_save
2024-11-16 20:43:24,062 [INFO] CodeEngine:279 - Generated code: C:\Users\Airagan\STM32CubeIDE\workspace_1.16.1\Ultrasonic\MXTmpFiles\gpio.tmp
2024-11-16 20:43:24,255 [INFO] CodeEngine:255 - oldGeneratedFile, C:\Users\Airagan\STM32CubeIDE\workspace_1.16.1\Ultrasonic\Core\Src\stm32f4xx_it.c_save
2024-11-16 20:43:24,424 [INFO] CodeEngine:279 - Generated code: C:\Users\Airagan\STM32CubeIDE\workspace_1.16.1\Ultrasonic\Core\Src\stm32f4xx_it.c
2024-11-16 20:43:24,447 [INFO] CodeEngine:255 - oldGeneratedFile, C:\Users\Airagan\STM32CubeIDE\workspace_1.16.1\Ultrasonic\Core\Inc\stm32f4xx_it.h_save
2024-11-16 20:43:24,534 [INFO] CodeEngine:279 - Generated code: C:\Users\Airagan\STM32CubeIDE\workspace_1.16.1\Ultrasonic\Core\Inc\stm32f4xx_it.h
2024-11-16 20:43:24,613 [INFO] CodeEngine:255 - oldGeneratedFile, C:\Users\Airagan\STM32CubeIDE\workspace_1.16.1\Ultrasonic\Core\Src\stm32f4xx_hal_msp.c_save
2024-11-16 20:43:24,728 [INFO] CodeEngine:279 - Generated code: C:\Users\Airagan\STM32CubeIDE\workspace_1.16.1\Ultrasonic\Core\Src\stm32f4xx_hal_msp.c
2024-11-16 20:43:24,754 [INFO] CodeEngine:255 - oldGeneratedFile, C:\Users\Airagan\STM32CubeIDE\workspace_1.16.1\Ultrasonic\MXTmpFiles\system.tmp_save
2024-11-16 20:43:24,817 [INFO] CodeEngine:279 - Generated code: C:\Users\Airagan\STM32CubeIDE\workspace_1.16.1\Ultrasonic\MXTmpFiles\system.tmp
2024-11-16 20:43:24,893 [INFO] CodeEngine:311 - oldGeneratedFile, C:\Users\Airagan\STM32CubeIDE\workspace_1.16.1\Ultrasonic\Core\Inc\stm32f4xx_hal_conf.h_save
2024-11-16 20:43:25,008 [INFO] CodeEngine:335 - Generated code: C:\Users\Airagan\STM32CubeIDE\workspace_1.16.1\Ultrasonic\Core\Inc\stm32f4xx_hal_conf.h
2024-11-16 20:43:25,042 [WARN] IPConfigManager:3554 - IP not found : TIM
2024-11-16 20:43:25,045 [WARN] CodeGenerator:4002 - IP not found : null
2024-11-16 20:43:25,118 [INFO] CodeEngine:255 - oldGeneratedFile, C:\Users\Airagan\STM32CubeIDE\workspace_1.16.1\Ultrasonic\Core\Inc\main.h_save
2024-11-16 20:43:25,262 [INFO] CodeEngine:279 - Generated code: C:\Users\Airagan\STM32CubeIDE\workspace_1.16.1\Ultrasonic\Core\Inc\main.h
2024-11-16 20:43:25,304 [INFO] CodeEngine:255 - oldGeneratedFile, C:\Users\Airagan\STM32CubeIDE\workspace_1.16.1\Ultrasonic\Core\Src\main.c_save
2024-11-16 20:43:25,476 [INFO] CodeEngine:279 - Generated code: C:\Users\Airagan\STM32CubeIDE\workspace_1.16.1\Ultrasonic\Core\Src\main.c
2024-11-16 20:43:26,306 [INFO] ProjectBuilder:3249 - Time for Copy HAL[1] : 564mS.
2024-11-16 20:43:26,310 [INFO] ProjectBuilder:4828 - Project Generator version: 4.5.0-B34
2024-11-16 20:43:26,377 [INFO] ConfigFileManager:1531 - The Die is : DIE433
2024-11-16 20:43:27,317 [INFO] ProjectBuilder:5097 - Time for Generating toolchain IDE Files: 1006mS.
2024-11-16 20:43:27,319 [INFO] ProjectBuilder:3107 - Time for Copy CMSIS : 2mS.
2024-11-16 20:43:27,326 [INFO] ProjectBuilder:3107 - Time for Copy CMSIS : 0mS.
2024-11-16 21:28:36,867 [INFO] MainUpdater:2873 - connection check result : 10
2024-11-16 21:28:36,868 [INFO] MainUpdater:2873 - connection check result : 10
2024-11-16 21:28:37,007 [INFO] MicroXplorer:468 - Change Database Path : 
2024-11-16 21:28:37,007 [INFO] MicroXplorer:498 - Change Database Version : DB.6.0.121
2024-11-16 21:28:37,038 [ERROR] ProjectManagerView:394 - 
java.lang.NullPointerException: Cannot invoke "javax.swing.JTextField.getText()" because the return value of "java.util.List.get(int)" is null
	at com.st.microxplorer.plugins.projectmanager.gui.ProjectChoiceTab$10.caretUpdate(ProjectChoiceTab.java:2622) ~[filemanager.jar:?]
	at javax.swing.text.JTextComponent.fireCaretUpdate(JTextComponent.java:412) ~[?:?]
	at javax.swing.text.JTextComponent$MutableCaretEvent.fire(JTextComponent.java:4491) ~[?:?]
	at javax.swing.text.JTextComponent$MutableCaretEvent.stateChanged(JTextComponent.java:4513) ~[?:?]
	at javax.swing.text.DefaultCaret.fireStateChanged(DefaultCaret.java:842) ~[?:?]
	at javax.swing.text.DefaultCaret.changeCaretPosition(DefaultCaret.java:1313) ~[?:?]
	at javax.swing.text.DefaultCaret.handleSetDot(DefaultCaret.java:1212) ~[?:?]
	at javax.swing.text.DefaultCaret.setDot(DefaultCaret.java:1193) ~[?:?]
	at javax.swing.text.DefaultCaret$Handler.insertUpdate(DefaultCaret.java:1789) ~[?:?]
	at javax.swing.text.AbstractDocument.fireInsertUpdate(AbstractDocument.java:226) ~[?:?]
	at javax.swing.text.AbstractDocument.handleInsertString(AbstractDocument.java:780) ~[?:?]
	at javax.swing.text.AbstractDocument.insertString(AbstractDocument.java:739) ~[?:?]
	at javax.swing.text.PlainDocument.insertString(PlainDocument.java:131) ~[?:?]
	at javax.swing.text.AbstractDocument.replace(AbstractDocument.java:698) ~[?:?]
	at javax.swing.text.JTextComponent.setText(JTextComponent.java:1729) ~[?:?]
	at com.st.microxplorer.plugins.projectmanager.gui.ProjectChoiceTab.createHeapStackFields(ProjectChoiceTab.java:972) ~[filemanager.jar:?]
	at com.st.microxplorer.plugins.projectmanager.gui.ProjectChoiceTab.buildLinkSettingsPanel(ProjectChoiceTab.java:3597) ~[filemanager.jar:?]
	at com.st.microxplorer.plugins.projectmanager.gui.ProjectChoiceTab.defineWindowsFields(ProjectChoiceTab.java:1940) ~[filemanager.jar:?]
	at com.st.microxplorer.plugins.projectmanager.gui.ProjectChoiceTab.updateSettings(ProjectChoiceTab.java:550) ~[filemanager.jar:?]
	at com.st.microxplorer.plugins.projectmanager.gui.ProjectSettingsPanel.UpdateDialog(ProjectSettingsPanel.java:245) ~[filemanager.jar:?]
	at com.st.microxplorer.plugins.projectmanager.ProjectManagerView.propertyChange(ProjectManagerView.java:391) ~[filemanager.jar:?]
	at java.beans.PropertyChangeSupport.fire(PropertyChangeSupport.java:343) ~[?:?]
	at java.beans.PropertyChangeSupport.firePropertyChange(PropertyChangeSupport.java:335) ~[?:?]
	at java.beans.PropertyChangeSupport.firePropertyChange(PropertyChangeSupport.java:268) ~[?:?]
	at com.st.microxplorer.util.MXPropertyChangeSupport.firePropertyChange(MXPropertyChangeSupport.java:54) ~[STM32CubeMX.jar:?]
	at com.st.microxplorer.mxsystem.MxSystem.closeConfig(MxSystem.java:900) ~[STM32CubeMX.jar:?]
	at com.st.microxplorer.maingui.MainPanel.closeConfig(MainPanel.java:781) ~[STM32CubeMX.jar:?]
	at com.st.microxplorer.plugins.filemanager.engine.OpenFileManager.loadConfigurationFile(OpenFileManager.java:265) ~[filemanager.jar:?]
	at com.st.microxplorer.plugins.filemanager.engine.MainFileManager.userLoadConfig(MainFileManager.java:352) ~[filemanager.jar:?]
	at com.st.microxplorer.plugins.filemanager.engine.MainFileManager.userLoadConfig(MainFileManager.java:330) ~[filemanager.jar:?]
	at com.st.microxplorer.plugins.filemanager.FileManagerView.getSpecificTask(FileManagerView.java:246) ~[filemanager.jar:?]
	at com.st.stm32cube.common.mx.editor.CubeMxEditor.getMxTabbedPaneInstance(CubeMxEditor.java:1198) ~[com.st.stm32cube.common.mx_6.12.1.202409122256/:?]
	at com.st.stm32cube.common.mx.editor.CubeMxEditor$12$1.createSwingComponent(CubeMxEditor.java:1068) ~[com.st.stm32cube.common.mx_6.12.1.202409122256/:?]
	at com.st.stm32cube.common.mx.oss.core.awtswtbridge.EmbeddedSwingComposite.doComponentCreation(EmbeddedSwingComposite.java:492) ~[com.st.stm32cube.common.mx.oss_6.12.1.202409122256/:?]
	at com.st.stm32cube.common.mx.oss.core.awtswtbridge.EmbeddedSwingComposite$4.run(EmbeddedSwingComposite.java:291) ~[com.st.stm32cube.common.mx.oss_6.12.1.202409122256/:?]
	at com.st.stm32cube.common.mx.oss.core.awtswtbridge.AwtEnvironment$2.run(AwtEnvironment.java:166) ~[com.st.stm32cube.common.mx.oss_6.12.1.202409122256/:?]
	at java.awt.event.InvocationEvent.dispatch(InvocationEvent.java:318) ~[?:?]
	at java.awt.EventQueue.dispatchEventImpl(EventQueue.java:773) ~[?:?]
	at java.awt.EventQueue$4.run(EventQueue.java:720) ~[?:?]
	at java.awt.EventQueue$4.run(EventQueue.java:714) ~[?:?]
	at java.security.AccessController.doPrivileged(AccessController.java:399) ~[?:?]
	at java.security.ProtectionDomain$JavaSecurityAccessImpl.doIntersectionPrivilege(ProtectionDomain.java:86) ~[?:?]
	at java.awt.EventQueue.dispatchEvent(EventQueue.java:742) ~[?:?]
	at java.awt.EventDispatchThread.pumpOneEventForFilters(EventDispatchThread.java:203) ~[?:?]
	at java.awt.EventDispatchThread.pumpEventsForFilter(EventDispatchThread.java:124) ~[?:?]
	at java.awt.EventDispatchThread.pumpEventsForHierarchy(EventDispatchThread.java:113) ~[?:?]
	at java.awt.EventDispatchThread.pumpEvents(EventDispatchThread.java:109) ~[?:?]
	at java.awt.EventDispatchThread.pumpEvents(EventDispatchThread.java:101) ~[?:?]
	at java.awt.EventDispatchThread.run(EventDispatchThread.java:90) ~[?:?]
2024-11-16 21:28:37,044 [WARN] ThirdParty:871 - waiting for thirdparty lock release [close project]
2024-11-16 21:28:37,044 [INFO] ThirdParty:873 - entering critical section [close project]
2024-11-16 21:28:37,044 [INFO] ThirdParty:883 - exiting critical section [close project]
2024-11-16 21:28:37,047 [INFO] PinOutPanel:1561 - setPackage(No Configuration,No Configuration)
2024-11-16 21:28:37,058 [WARN] IpParametersView:151 - Warning: This peripheral hasn't parameters
2024-11-16 21:28:37,074 [WARN] MainPanel:284 - <html><b><center>Warning: This peripheral has no parameters to be configured<br></b></html>
2024-11-16 21:28:37,080 [INFO] UtilMem:75 - Begin LoadConfig() Used Memory: 539585384 Bytes (872415232)
2024-11-16 21:28:37,081 [INFO] MicroXplorer:468 - Change Database Path : 
2024-11-16 21:28:37,081 [INFO] MicroXplorer:498 - Change Database Version : DB.6.0.121
2024-11-16 21:28:37,081 [INFO] OpenFileManager:332 - Change cursor
2024-11-16 21:28:37,110 [INFO] RulesReader:64 - Compatibility file has been processed (297 Rules)
2024-11-16 21:28:37,120 [INFO] Mcu:2032 - Initializing MCU STM32F401R(D-E)Tx STM32F401RETx STM32F401RET6
2024-11-16 21:28:38,073 [INFO] Context:742 - Trying to add GPIOservice into a context  which must be forbidden
2024-11-16 21:28:38,341 [INFO] RtosManager:555 - Registered RTOS mode: class=CMSIS, group=RTOS, mode=CMSIS_V1, owner=FREERTOS
2024-11-16 21:28:38,341 [INFO] RtosManager:555 - Registered RTOS mode: class=CMSIS, group=RTOS2, mode=CMSIS_V2, owner=FREERTOS
2024-11-16 21:28:38,341 [INFO] RtosManager:555 - Registered RTOS mode: class=RTOS, group=Core, mode=CMSIS_V1, owner=FREERTOS
2024-11-16 21:28:38,341 [INFO] RtosManager:555 - Registered RTOS mode: class=RTOS, group=Core, mode=CMSIS_V2, owner=FREERTOS
2024-11-16 21:28:38,341 [WARN] ModelIntegratedComponent:184 - Missing modes for component STMicroelectronics:FreeRTOS:0.0.1:STMicroelectronics:RTOS:FreeRTOS:Core:::10.2.0:
2024-11-16 21:28:38,347 [WARN] ModelIntegratedComponent:63 - No mode defined for component null
2024-11-16 21:28:38,347 [WARN] ModelIntegratedComponent:63 - No mode defined for component null
2024-11-16 21:28:38,347 [WARN] ModelIntegratedComponent:63 - No mode defined for component null
2024-11-16 21:28:38,347 [WARN] ModelIntegratedComponent:63 - No mode defined for component null
2024-11-16 21:28:38,347 [WARN] ModelIntegratedComponent:63 - No mode defined for component null
2024-11-16 21:28:38,347 [WARN] ModelIntegratedComponent:63 - No mode defined for component null
2024-11-16 21:28:38,347 [WARN] ModelIntegratedComponent:63 - No mode defined for component null
2024-11-16 21:28:38,347 [WARN] ModelIntegratedComponent:63 - No mode defined for component null
2024-11-16 21:28:38,347 [WARN] ModelIntegratedComponent:63 - No mode defined for component null
2024-11-16 21:28:38,347 [WARN] ModelIntegratedComponent:63 - No mode defined for component null
2024-11-16 21:28:38,347 [WARN] ModelIntegratedComponent:63 - No mode defined for component null
2024-11-16 21:28:38,347 [WARN] ModelIntegratedComponent:63 - No mode defined for component null
2024-11-16 21:28:38,347 [WARN] ModelIntegratedComponent:63 - No mode defined for component null
2024-11-16 21:28:38,347 [WARN] ModelIntegratedComponent:63 - No mode defined for component null
2024-11-16 21:28:38,347 [WARN] ModelIntegratedComponent:63 - No mode defined for component null
2024-11-16 21:28:38,347 [WARN] ModelIntegratedComponent:63 - No mode defined for component null
2024-11-16 21:28:38,347 [WARN] ModelIntegratedComponent:63 - No mode defined for component null
2024-11-16 21:28:38,347 [WARN] ModelIntegratedComponent:63 - No mode defined for component null
2024-11-16 21:28:38,347 [WARN] ModelIntegratedComponent:63 - No mode defined for component null
2024-11-16 21:28:38,347 [WARN] ModelIntegratedComponent:63 - No mode defined for component null
2024-11-16 21:28:38,347 [WARN] ModelIntegratedComponent:63 - No mode defined for component null
2024-11-16 21:28:38,347 [WARN] ModelIntegratedComponent:63 - No mode defined for component null
2024-11-16 21:28:38,347 [WARN] ModelIntegratedComponent:63 - No mode defined for component null
2024-11-16 21:28:38,347 [WARN] ModelIntegratedComponent:63 - No mode defined for component null
2024-11-16 21:28:38,347 [WARN] ModelIntegratedComponent:63 - No mode defined for component null
2024-11-16 21:28:38,347 [WARN] ModelIntegratedComponent:63 - No mode defined for component null
2024-11-16 21:28:38,348 [WARN] ModelIntegratedComponent:63 - No mode defined for component null
2024-11-16 21:28:38,348 [WARN] ModelIntegratedComponent:63 - No mode defined for component null
2024-11-16 21:28:38,348 [WARN] ModelIntegratedComponent:63 - No mode defined for component null
2024-11-16 21:28:38,348 [WARN] ModelIntegratedComponent:63 - No mode defined for component null
2024-11-16 21:28:38,348 [WARN] ModelIntegratedComponent:63 - No mode defined for component null
2024-11-16 21:28:38,348 [WARN] ModelIntegratedComponent:63 - No mode defined for component null
2024-11-16 21:28:38,348 [WARN] ModelIntegratedComponent:63 - No mode defined for component null
2024-11-16 21:28:38,348 [WARN] ModelIntegratedComponent:63 - No mode defined for component null
2024-11-16 21:28:38,348 [WARN] ModelIntegratedComponent:63 - No mode defined for component null
2024-11-16 21:28:38,348 [WARN] ModelPack:524 - Component already loaded: STMicroelectronics:HAL Drivers:0.0.0:STMicroelectronics:Device:STMicro_Driver:XSPI:HAL::0.0.1:HAL_XSPI
2024-11-16 21:28:38,363 [INFO] ThirdPartyModel:298 - Start build external matchings
2024-11-16 21:28:38,605 [INFO] ThirdPartyModel:316 - End build external matchings
2024-11-16 21:28:38,611 [INFO] ImportTextPane:205 - (OptionalMessage_ERROR) IP (RCC) : Parameter (RTCHSEDivFreq_Value) has invalid value (4000000)
2024-11-16 21:28:38,851 [INFO] UtilMem:75 - End LoadConfig() Used Memory: 538352056 Bytes (872415232)
2024-11-16 21:28:38,927 [WARN] ThirdParty:833 - waiting for thirdparty lock release [change project]
2024-11-16 21:28:38,927 [INFO] ThirdParty:835 - entering critical section [change project]
2024-11-16 21:28:38,927 [INFO] ThirdParty:1030 - CMSIS Pack Vendor :STMicroelectronics USBPD 4.1
2024-11-16 21:28:38,927 [INFO] ThirdParty:1030 - CMSIS Pack Vendor :STMicroelectronics X-CUBE-AZRTOS-H7 3.3.0
2024-11-16 21:28:38,927 [INFO] ThirdParty:1030 - CMSIS Pack Vendor :STMicroelectronics X-CUBE-NFC9 1.0.0
2024-11-16 21:28:38,927 [INFO] ThirdParty:1030 - CMSIS Pack Vendor :STMicroelectronics USB_HOST 2.0.0
2024-11-16 21:28:38,927 [INFO] ThirdParty:1030 - CMSIS Pack Vendor :STMicroelectronics FP-SNS-MOTENVWB1 1.4.0
2024-11-16 21:28:38,927 [INFO] ThirdParty:1030 - CMSIS Pack Vendor :STMicroelectronics X-CUBE-AZRTOS-F4 1.1.0
2024-11-16 21:28:38,927 [INFO] ThirdParty:1030 - CMSIS Pack Vendor :STMicroelectronics LIBJPEG 8.0.0
2024-11-16 21:28:38,927 [INFO] ThirdParty:1030 - CMSIS Pack Vendor :STMicroelectronics X-CUBE-SMBUS 2.1.0
2024-11-16 21:28:38,927 [INFO] ThirdParty:1030 - CMSIS Pack Vendor :STMicroelectronics X-CUBE-WB05N 1.1.0
2024-11-16 21:28:38,927 [INFO] ThirdParty:1030 - CMSIS Pack Vendor :STMicroelectronics USB_DEVICE 3.0.0
2024-11-16 21:28:38,927 [INFO] ThirdParty:1030 - CMSIS Pack Vendor :STMicroelectronics X-CUBE-TCPP 4.1.0
2024-11-16 21:28:38,927 [INFO] ThirdParty:1030 - CMSIS Pack Vendor :STMicroelectronics X-CUBE-ISPU 2.1.0
2024-11-16 21:28:38,927 [INFO] ThirdParty:1030 - CMSIS Pack Vendor :STMicroelectronics X-CUBE-FREERTOS 1.2.0
2024-11-16 21:28:38,927 [INFO] ThirdParty:1030 - CMSIS Pack Vendor :STMicroelectronics X-CUBE-IPS 3.0.0
2024-11-16 21:28:38,927 [INFO] ThirdParty:1030 - CMSIS Pack Vendor :STMicroelectronics X-CUBE-AZRTOS-WB 2.0.0
2024-11-16 21:28:38,927 [INFO] ThirdParty:1030 - CMSIS Pack Vendor :STMicroelectronics X-CUBE-GNSS1 7.0.0
2024-11-16 21:28:38,927 [INFO] ThirdParty:1030 - CMSIS Pack Vendor :STMicroelectronics X-CUBE-AZRTOS-F7 1.1.0
2024-11-16 21:28:38,927 [INFO] ThirdParty:1030 - CMSIS Pack Vendor :STMicroelectronics X-CUBE-AZRTOS-L5 2.0.0
2024-11-16 21:28:38,927 [INFO] ThirdParty:1030 - CMSIS Pack Vendor :STMicroelectronics USB_DEVICE 2.0.0
2024-11-16 21:28:38,927 [INFO] ThirdParty:1030 - CMSIS Pack Vendor :STMicroelectronics X-CUBE-NFC6 3.1.0
2024-11-16 21:28:38,927 [INFO] ThirdParty:1030 - CMSIS Pack Vendor :STMicroelectronics FP-SNS-STBOX1 2.0.0
2024-11-16 21:28:38,927 [INFO] ThirdParty:1030 - CMSIS Pack Vendor :STMicroelectronics X-CUBE-MEMS1 11.0.0
2024-11-16 21:28:38,927 [INFO] ThirdParty:1030 - CMSIS Pack Vendor :STMicroelectronics FreeRTOS 0.0.1
2024-11-16 21:28:38,927 [INFO] ThirdParty:1030 - CMSIS Pack Vendor :STMicroelectronics X-CUBE-AZRTOS-G0 1.1.0
2024-11-16 21:28:38,927 [INFO] ThirdParty:1030 - CMSIS Pack Vendor :STMicroelectronics X-CUBE-SAFEA1 1.2.2
2024-11-16 21:28:38,927 [INFO] ThirdParty:1030 - CMSIS Pack Vendor :STMicroelectronics X-CUBE-NFC4 3.0.0
2024-11-16 21:28:38,927 [INFO] ThirdParty:1030 - CMSIS Pack Vendor :STMicroelectronics X-CUBE-DPower 1.2.0
2024-11-16 21:28:38,927 [INFO] ThirdParty:1030 - CMSIS Pack Vendor :STMicroelectronics X-CUBE-SUBG2 5.0.0
2024-11-16 21:28:38,927 [INFO] ThirdParty:1030 - CMSIS Pack Vendor :STMicroelectronics STM32_WPAN 1.0.0
2024-11-16 21:28:38,927 [INFO] ThirdParty:1030 - CMSIS Pack Vendor :EmbeddedOffice I-CUBE-FS-RTOS 1.0.1
2024-11-16 21:28:38,927 [INFO] ThirdParty:1030 - CMSIS Pack Vendor :STMicroelectronics lwIP 2.0.3
2024-11-16 21:28:38,927 [INFO] ThirdParty:1030 - CMSIS Pack Vendor :STMicroelectronics FP-SNS-FLIGHT1 5.0.2
2024-11-16 21:28:38,927 [INFO] ThirdParty:1030 - CMSIS Pack Vendor :Cesanta I-CUBE-Mongoose 7.13.0
2024-11-16 21:28:38,927 [INFO] ThirdParty:1030 - CMSIS Pack Vendor :STMicroelectronics USB_HOST 1.0.0
2024-11-16 21:28:38,927 [INFO] ThirdParty:1030 - CMSIS Pack Vendor :STMicroelectronics X-CUBE-AZRTOS-G4 2.0.0
2024-11-16 21:28:38,927 [INFO] ThirdParty:1030 - CMSIS Pack Vendor :STMicroelectronics PDM2PCM 3.1.0
2024-11-16 21:28:38,927 [INFO] ThirdParty:1030 - CMSIS Pack Vendor :STMicroelectronics PDM2PCM 3.3.0
2024-11-16 21:28:38,927 [INFO] ThirdParty:1030 - CMSIS Pack Vendor :STMicroelectronics X-CUBE-DISPLAY 3.0.0
2024-11-16 21:28:38,927 [INFO] ThirdParty:1030 - CMSIS Pack Vendor :RealThread X-CUBE-RT-Thread_Nano 4.1.1
2024-11-16 21:28:38,927 [INFO] ThirdParty:1030 - CMSIS Pack Vendor :STMicroelectronics X-CUBE-BLE1 7.0.0
2024-11-16 21:28:38,927 [INFO] ThirdParty:1030 - CMSIS Pack Vendor :STMicroelectronics FP-ATR-SIGFOX1 3.2.0
2024-11-16 21:28:38,927 [INFO] ThirdParty:1030 - CMSIS Pack Vendor :STMicroelectronics X-CUBE-NFC10 1.0.0
2024-11-16 21:28:38,927 [INFO] ThirdParty:1030 - CMSIS Pack Vendor :quantropi X-CUBE-qispace-sdk-base 1.9.3
2024-11-16 21:28:38,927 [INFO] ThirdParty:1030 - CMSIS Pack Vendor :STMicroelectronics X-CUBE-EEPRMA1 5.1.0
2024-11-16 21:28:38,927 [INFO] ThirdParty:1030 - CMSIS Pack Vendor :STMicroelectronics HAL Drivers 0.0.0
2024-11-16 21:28:38,927 [INFO] ThirdParty:1030 - CMSIS Pack Vendor :STMicroelectronics MBEDTLS 2.16.2
2024-11-16 21:28:38,927 [INFO] ThirdParty:1030 - CMSIS Pack Vendor :STMicroelectronics X-CUBE-ALS 1.0.2
2024-11-16 21:28:38,927 [INFO] ThirdParty:1030 - CMSIS Pack Vendor :emotas I-CUBE-CANOPEN 1.3.0
2024-11-16 21:28:38,927 [INFO] ThirdParty:1030 - CMSIS Pack Vendor :wolfSSL I-CUBE-wolfSSL 5.7.4
2024-11-16 21:28:38,927 [INFO] ThirdParty:1030 - CMSIS Pack Vendor :STMicroelectronics X-CUBE-NFC7 1.0.1
2024-11-16 21:28:38,927 [INFO] ThirdParty:1030 - CMSIS Pack Vendor :STMicroelectronics MBEDTLS 2.14.1
2024-11-16 21:28:38,927 [INFO] ThirdParty:1030 - CMSIS Pack Vendor :ITTIA_DB I-CUBE-ITTIADB 8.9.0
2024-11-16 21:28:38,927 [INFO] ThirdParty:1030 - CMSIS Pack Vendor :STMicroelectronics X-CUBE-TOUCHGFX 4.24.1
2024-11-16 21:28:38,929 [INFO] ThirdParty:1030 - CMSIS Pack Vendor :wolfSSL I-CUBE-wolfTPM 3.4.0
2024-11-16 21:28:38,929 [INFO] ThirdParty:1030 - CMSIS Pack Vendor :portGmbH I-Cube-SoM-uGOAL 1.1.0
2024-11-16 21:28:38,929 [INFO] ThirdParty:1030 - CMSIS Pack Vendor :STMicroelectronics X-CUBE-BLEMGR 3.1.0
2024-11-16 21:28:38,929 [INFO] ThirdParty:1030 - CMSIS Pack Vendor :STMicroelectronics ThreadX 1.0.0
2024-11-16 21:28:38,929 [INFO] ThirdParty:1030 - CMSIS Pack Vendor :STMicroelectronics FP-SNS-SMARTAG2 1.2.0
2024-11-16 21:28:38,929 [INFO] ThirdParty:1030 - CMSIS Pack Vendor :STMicroelectronics X-CUBE-AZRTOS-WL 2.0.0
2024-11-16 21:28:38,929 [INFO] ThirdParty:1030 - CMSIS Pack Vendor :SEGGER I-CUBE-embOS 1.3.1
2024-11-16 21:28:38,929 [INFO] ThirdParty:1030 - CMSIS Pack Vendor :STMicroelectronics X-CUBE-ALGOBUILD 1.4.0
2024-11-16 21:28:38,929 [INFO] ThirdParty:1030 - CMSIS Pack Vendor :STMicroelectronics FP-SNS-MOTENV1 5.0.0
2024-11-16 21:28:38,929 [INFO] ThirdParty:1030 - CMSIS Pack Vendor :STMicroelectronics USB_DEVICE 1.0.0
2024-11-16 21:28:38,929 [INFO] ThirdParty:1030 - CMSIS Pack Vendor :STMicroelectronics X-CUBE-AZRTOS-H7RS 1.0.0
2024-11-16 21:28:38,929 [INFO] ThirdParty:1030 - CMSIS Pack Vendor :wolfSSL I-CUBE-wolfMQTT 1.19.0
2024-11-16 21:28:38,929 [INFO] ThirdParty:1030 - CMSIS Pack Vendor :STMicroelectronics X-CUBE-AZRTOS-L4 2.0.0
2024-11-16 21:28:38,929 [INFO] ThirdParty:1030 - CMSIS Pack Vendor :STMicroelectronics ThreadX 0.0.2
2024-11-16 21:28:38,929 [INFO] ThirdParty:1030 - CMSIS Pack Vendor :WES I-CUBE-Cesium 1.3.0
2024-11-16 21:28:38,929 [INFO] ThirdParty:1030 - CMSIS Pack Vendor :STMicroelectronics FP-ATR-ASTRA1 2.0.0
2024-11-16 21:28:38,929 [INFO] ThirdParty:1030 - CMSIS Pack Vendor :STMicroelectronics lwIP 2.1.2
2024-11-16 21:28:38,929 [INFO] ThirdParty:1030 - CMSIS Pack Vendor :STMicroelectronics X-CUBE-SFXS2LP1 4.0.0
2024-11-16 21:28:38,929 [INFO] ThirdParty:1030 - CMSIS Pack Vendor :STMicroelectronics X-CUBE-BLE2 3.3.0
2024-11-16 21:28:38,929 [INFO] ThirdParty:1030 - CMSIS Pack Vendor :STMicroelectronics X-CUBE-TOF1 3.4.2
2024-11-16 21:28:38,929 [INFO] ThirdParty:1030 - CMSIS Pack Vendor :STMicroelectronics X-CUBE-AI 9.1.0
2024-11-16 21:28:38,929 [INFO] ThirdParty:1030 - CMSIS Pack Vendor :Infineon AIROC-Wi-Fi-Bluetooth-STM32 1.6.1
2024-11-16 21:28:38,929 [INFO] ThirdParty:1030 - CMSIS Pack Vendor :STMicroelectronics PDM2PCM 3.2.0
2024-11-16 21:28:38,929 [INFO] ThirdParty:1030 - CMSIS Pack Vendor :wolfSSL I-CUBE-wolfSSH 1.4.17
2024-11-16 21:28:38,929 [INFO] ThirdParty:841 - exiting critical section [change project]
2024-11-16 21:28:39,022 [INFO] PinOutPanel:1561 - setPackage(No Configuration,No Configuration)
2024-11-16 21:28:39,023 [INFO] PinOutPanel:1561 - setPackage(STM32F401RETx,LQFP64)
2024-11-16 21:28:39,278 [INFO] UtilMem:75 - Before build in PCC Used Memory: 347803656 Bytes (872415232)
2024-11-16 21:28:39,508 [INFO] UtilMem:75 - After build in PCC Used Memory: 391321624 Bytes (872415232)
2024-11-16 21:28:39,521 [INFO] IPUIPlugin:80 - create IPUIPlugin
2024-11-16 21:28:39,521 [INFO] IPUIPlugin:80 - create IPUIPlugin
2024-11-16 21:28:39,521 [INFO] IPUIPlugin:80 - create IPUIPlugin
2024-11-16 21:28:39,522 [INFO] IPUIPlugin:80 - create IPUIPlugin
2024-11-16 21:28:39,522 [INFO] IPUIPlugin:80 - create IPUIPlugin
2024-11-16 21:28:39,522 [INFO] IPUIPlugin:80 - create IPUIPlugin
2024-11-16 21:28:39,522 [INFO] IPUIPlugin:80 - create IPUIPlugin
2024-11-16 21:28:39,522 [INFO] IPUIPlugin:80 - create IPUIPlugin
2024-11-16 21:28:39,522 [INFO] IPUIPlugin:80 - create IPUIPlugin
2024-11-16 21:28:39,522 [INFO] IPUIPlugin:80 - create IPUIPlugin
2024-11-16 21:28:39,522 [INFO] IPUIPlugin:80 - create IPUIPlugin
2024-11-16 21:28:39,522 [INFO] IPUIPlugin:80 - create IPUIPlugin
2024-11-16 21:28:39,522 [INFO] IPUIPlugin:80 - create IPUIPlugin
2024-11-16 21:28:39,523 [INFO] IPUIPlugin:80 - create IPUIPlugin
2024-11-16 21:28:39,523 [INFO] IPUIPlugin:80 - create IPUIPlugin
2024-11-16 21:28:39,523 [INFO] IPUIPlugin:80 - create IPUIPlugin
2024-11-16 21:28:39,523 [INFO] IPUIPlugin:80 - create IPUIPlugin
2024-11-16 21:28:39,523 [INFO] IPUIPlugin:80 - create IPUIPlugin
2024-11-16 21:28:39,523 [INFO] IPUIPlugin:80 - create IPUIPlugin
2024-11-16 21:28:39,523 [INFO] IPUIPlugin:80 - create IPUIPlugin
2024-11-16 21:28:39,523 [INFO] IPUIPlugin:80 - create IPUIPlugin
2024-11-16 21:28:39,523 [INFO] IPUIPlugin:80 - create IPUIPlugin
2024-11-16 21:28:39,523 [INFO] IPUIPlugin:80 - create IPUIPlugin
2024-11-16 21:28:39,524 [INFO] IPUIPlugin:80 - create IPUIPlugin
2024-11-16 21:28:39,524 [INFO] IPUIPlugin:80 - create IPUIPlugin
2024-11-16 21:28:39,524 [INFO] IPUIPlugin:80 - create IPUIPlugin
2024-11-16 21:28:39,524 [INFO] IPUIPlugin:80 - create IPUIPlugin
2024-11-16 21:28:39,524 [INFO] IPUIPlugin:80 - create IPUIPlugin
2024-11-16 21:28:39,524 [INFO] IPUIPlugin:80 - create IPUIPlugin
2024-11-16 21:28:39,524 [INFO] IPUIPlugin:80 - create IPUIPlugin
2024-11-16 21:28:39,524 [INFO] IPUIPlugin:80 - create IPUIPlugin
2024-11-16 21:28:39,524 [INFO] IPUIPlugin:80 - create IPUIPlugin
2024-11-16 21:28:39,525 [INFO] IPUIPlugin:80 - create IPUIPlugin
2024-11-16 21:28:39,525 [INFO] IPUIPlugin:80 - create IPUIPlugin
2024-11-16 21:28:39,525 [INFO] IPUIPlugin:80 - create IPUIPlugin
2024-11-16 21:28:39,526 [INFO] IPUIPlugin:80 - create IPUIPlugin
2024-11-16 21:28:39,526 [INFO] IPUIPlugin:80 - create IPUIPlugin
2024-11-16 21:28:39,526 [INFO] IPUIPlugin:80 - create IPUIPlugin
2024-11-16 21:28:39,536 [INFO] ApiDbMcu:508 - Load IP Config File for PDM2PCM
2024-11-16 21:28:39,566 [INFO] CADModel:165 - CPN selected for project levelSTM32F401RET6
2024-11-16 21:28:39,566 [INFO] CADModel:114 - Register for checkConnection events
2024-11-16 21:28:39,647 [INFO] OpenFileManager:363 - Restore cursor
2024-11-16 21:28:39,671 [INFO] ApiDb:581 - Connected to CubeFinder SQLite database (C:\Users\Airagan\.stmcufinder\plugins\mcufinder\mcu\cube-finder-db.db)
2024-11-16 21:30:29,735 [INFO] UtilMem:75 - End SaveConfig() Used Memory: 669166520 Bytes (872415232)
2024-11-16 21:30:31,015 [INFO] UtilMem:75 - End SaveConfig() Used Memory: 690138040 Bytes (872415232)
2024-11-16 21:30:31,249 [INFO] UtilMem:75 - End SaveConfig() Used Memory: 709534648 Bytes (872415232)
2024-11-16 21:30:31,423 [INFO] BlockDiagram:2766 - set Specific Code input for plugin: NVIC
2024-11-16 21:30:31,423 [INFO] BlockDiagram:2766 - set Specific Code input for plugin: USART
2024-11-16 21:30:31,423 [INFO] BlockDiagram:2766 - set Specific Code input for plugin: SYS
2024-11-16 21:30:31,423 [INFO] BlockDiagram:2766 - set Specific Code input for plugin: GPIO
2024-11-16 21:30:31,423 [INFO] BlockDiagram:2766 - set Specific Code input for plugin: RCC
2024-11-16 21:30:31,425 [INFO] CodeGenerator:807 - code generatio: config db path: C:\ST\STM32CubeIDE_1.16.1\STM32CubeIDE\plugins\com.st.stm32cube.common.mx_6.12.1.202409122256\\db\
2024-11-16 21:30:31,765 [INFO] CodeEngine:255 - oldGeneratedFile, C:\Users\Airagan\STM32CubeIDE\workspace_1.16.1\Alert\MXTmpFiles\license.tmp_save
2024-11-16 21:30:31,871 [INFO] CodeEngine:279 - Generated code: C:\Users\Airagan\STM32CubeIDE\workspace_1.16.1\Alert\MXTmpFiles\license.tmp
2024-11-16 21:30:32,004 [INFO] CodeEngine:255 - oldGeneratedFile, C:\Users\Airagan\STM32CubeIDE\workspace_1.16.1\Alert\MXTmpFiles\gpio.tmp_save
2024-11-16 21:30:32,090 [INFO] CodeEngine:279 - Generated code: C:\Users\Airagan\STM32CubeIDE\workspace_1.16.1\Alert\MXTmpFiles\gpio.tmp
2024-11-16 21:30:32,249 [INFO] CodeEngine:255 - oldGeneratedFile, C:\Users\Airagan\STM32CubeIDE\workspace_1.16.1\Alert\Core\Src\stm32f4xx_it.c_save
2024-11-16 21:30:32,439 [INFO] CodeEngine:279 - Generated code: C:\Users\Airagan\STM32CubeIDE\workspace_1.16.1\Alert\Core\Src\stm32f4xx_it.c
2024-11-16 21:30:32,470 [INFO] CodeEngine:255 - oldGeneratedFile, C:\Users\Airagan\STM32CubeIDE\workspace_1.16.1\Alert\Core\Inc\stm32f4xx_it.h_save
2024-11-16 21:30:32,572 [INFO] CodeEngine:279 - Generated code: C:\Users\Airagan\STM32CubeIDE\workspace_1.16.1\Alert\Core\Inc\stm32f4xx_it.h
2024-11-16 21:30:32,664 [INFO] CodeEngine:255 - oldGeneratedFile, C:\Users\Airagan\STM32CubeIDE\workspace_1.16.1\Alert\Core\Src\stm32f4xx_hal_msp.c_save
2024-11-16 21:30:32,825 [INFO] CodeEngine:279 - Generated code: C:\Users\Airagan\STM32CubeIDE\workspace_1.16.1\Alert\Core\Src\stm32f4xx_hal_msp.c
2024-11-16 21:30:32,863 [INFO] CodeEngine:255 - oldGeneratedFile, C:\Users\Airagan\STM32CubeIDE\workspace_1.16.1\Alert\MXTmpFiles\system.tmp_save
2024-11-16 21:30:32,939 [INFO] CodeEngine:279 - Generated code: C:\Users\Airagan\STM32CubeIDE\workspace_1.16.1\Alert\MXTmpFiles\system.tmp
2024-11-16 21:30:33,030 [INFO] CodeEngine:311 - oldGeneratedFile, C:\Users\Airagan\STM32CubeIDE\workspace_1.16.1\Alert\Core\Inc\stm32f4xx_hal_conf.h_save
2024-11-16 21:30:33,158 [INFO] CodeEngine:335 - Generated code: C:\Users\Airagan\STM32CubeIDE\workspace_1.16.1\Alert\Core\Inc\stm32f4xx_hal_conf.h
2024-11-16 21:30:33,258 [INFO] CodeEngine:255 - oldGeneratedFile, C:\Users\Airagan\STM32CubeIDE\workspace_1.16.1\Alert\Core\Inc\main.h_save
2024-11-16 21:30:33,408 [INFO] CodeEngine:279 - Generated code: C:\Users\Airagan\STM32CubeIDE\workspace_1.16.1\Alert\Core\Inc\main.h
2024-11-16 21:30:33,444 [INFO] CodeEngine:255 - oldGeneratedFile, C:\Users\Airagan\STM32CubeIDE\workspace_1.16.1\Alert\Core\Src\main.c_save
2024-11-16 21:30:33,601 [INFO] CodeEngine:279 - Generated code: C:\Users\Airagan\STM32CubeIDE\workspace_1.16.1\Alert\Core\Src\main.c
2024-11-16 21:30:34,402 [INFO] ProjectBuilder:3249 - Time for Copy HAL[1] : 610mS.
2024-11-16 21:30:34,407 [INFO] ProjectBuilder:4828 - Project Generator version: 4.5.0-B34
2024-11-16 21:30:34,501 [INFO] ConfigFileManager:1531 - The Die is : DIE433
2024-11-16 21:30:34,515 [INFO] ApiDbMcu:508 - Load IP Config File for FATFS
2024-11-16 21:30:34,531 [INFO] ApiDbMcu:508 - Load IP Config File for FREERTOS
2024-11-16 21:30:34,538 [INFO] ApiDbMcu:508 - Load IP Config File for LIBJPEG
2024-11-16 21:30:34,554 [INFO] ApiDbMcu:508 - Load IP Config File for MBEDTLS
2024-11-16 21:30:34,573 [INFO] ApiDbMcu:508 - Load IP Config File for USB_DEVICE
2024-11-16 21:30:34,584 [INFO] ApiDbMcu:508 - Load IP Config File for USB_HOST
2024-11-16 21:30:35,843 [INFO] ProjectBuilder:5097 - Time for Generating toolchain IDE Files: 1437mS.
2024-11-16 21:30:35,844 [INFO] ProjectBuilder:3107 - Time for Copy CMSIS : 1mS.
2024-11-16 21:30:35,847 [INFO] ProjectBuilder:3107 - Time for Copy CMSIS : 0mS.
